<?xml version="1.0" encoding="UTF-8"?>
<!-- Generated by org.testng.reporters.JUnitXMLReporter -->
<testsuite ignored="0" hostname="DESKTOP-GT9SFK0" failures="0" tests="1" name="masterng" time="0.079" errors="0" timestamp="2024-11-28T14:42:38 EST">
  <testcase classname="testBase.BaseClass" name="@BeforeClass setup" time="-1.732822958333E9">
    <failure type="org.testng.TestNGException" message="
Parameter &amp;apos;os&amp;apos; is required by BeforeClass on method setup but has not been marked @Optional or defined
in C:\Users\kashi\eclipse-workspace\OpencartV121\testng.xml">
      <![CDATA[org.testng.TestNGException: 
Parameter 'os' is required by BeforeClass on method setup but has not been marked @Optional or defined
in C:\Users\kashi\eclipse-workspace\OpencartV121\testng.xml
at java.base/java.util.ArrayList.forEach(ArrayList.java:1597)
... Removed 22 stack frames]]>
    </failure>
  </testcase> <!-- @BeforeClass setup -->
  <testcase classname="testBase.BaseClass" name="@AfterClass tearDown" time="0.0">
    <skipped/>
  </testcase> <!-- @AfterClass tearDown -->
  <testcase classname="testCases.TC_001_AccountRegistrationTest" name="verfiy_account_registration" time="0.001">
    <skipped/>
  </testcase> <!-- verfiy_account_registration -->
</testsuite> <!-- masterng -->
